# JRE version: Java(TM) SE Runtime Environment (8.0_25-b17) (build 1.8.0_25-b17)
# Java VM: Java HotSpot(TM) Client VM (25.25-b02 mixed mode linux-x86 )
Heap:
 def new generation   total 7104K, used 1397K [0xe4e00000, 0xe55b0000, 0xea150000)
  eden space 6336K,   9% used [0xe4e00000, 0xe4e9d548, 0xe5430000)
  from space 768K,  99% used [0xe54f0000, 0xe55afff8, 0xe55b0000)
  to   space 768K,   0% used [0xe5430000, 0xe5430000, 0xe54f0000)
 tenured generation   total 15656K, used 10645K [0xea150000, 0xeb09a000, 0xf4800000)
   the space 15656K,  67% used [0xea150000, 0xeabb5738, 0xeabb5800, 0xeb09a000)
 Metaspace       used 4571K, capacity 4580K, committed 4632K, reserved 5424K
GC Heap History (10 events):
Event: 2.838 GC heap before
{Heap before GC invocations=10 (full 0):
 def new generation   total 2432K, used 2432K [0xe4e00000, 0xe50a0000, 0xea150000)
  eden space 2176K, 100% used [0xe4e00000, 0xe5020000, 0xe5020000)
  from space 256K, 100% used [0xe5020000, 0xe5060000, 0xe5060000)
  to   space 256K,   0% used [0xe5060000, 0xe5060000, 0xe50a0000)
 tenured generation   total 5504K, used 4693K [0xea150000, 0xea6b0000, 0xf4800000)
   the space 5504K,  85% used [0xea150000, 0xea5e5698, 0xea5e5800, 0xea6b0000)
 Metaspace       used 4450K, capacity 4484K, committed 4504K, reserved 5424K
Event: 3.052 GC heap after
Heap after GC invocations=11 (full 1):
 def new generation   total 3584K, used 0K [0xe4e00000, 0xe51e0000, 0xea150000)
  eden space 3200K,   0% used [0xe4e00000, 0xe4e00000, 0xe5120000)
  from space 384K,   0% used [0xe5120000, 0xe5120000, 0xe5180000)
  to   space 384K,   0% used [0xe5180000, 0xe5180000, 0xe51e0000)
 tenured generation   total 7856K, used 4713K [0xea150000, 0xea8fc000, 0xf4800000)
   the space 7856K,  59% used [0xea150000, 0xea5ea438, 0xea5ea600, 0xea8fc000)
 Metaspace       used 4450K, capacity 4484K, committed 4504K, reserved 5424K
}
Event: 4.661 GC heap before
{Heap before GC invocations=11 (full 1):
 def new generation   total 3584K, used 3200K [0xe4e00000, 0xe51e0000, 0xea150000)
  eden space 3200K, 100% used [0xe4e00000, 0xe5120000, 0xe5120000)
  from space 384K,   0% used [0xe5120000, 0xe5120000, 0xe5180000)
  to   space 384K,   0% used [0xe5180000, 0xe5180000, 0xe51e0000)
 tenured generation   total 7856K, used 4713K [0xea150000, 0xea8fc000, 0xf4800000)
   the space 7856K,  59% used [0xea150000, 0xea5ea438, 0xea5ea600, 0xea8fc000)
 Metaspace       used 4450K, capacity 4484K, committed 4504K, reserved 5424K
Event: 4.841 GC heap after
Heap after GC invocations=12 (full 1):
 def new generation   total 3584K, used 383K [0xe4e00000, 0xe51e0000, 0xea150000)
  eden space 3200K,   0% used [0xe4e00000, 0xe4e00000, 0xe5120000)
  from space 384K,  99% used [0xe5180000, 0xe51dfff8, 0xe51e0000)
  to   space 384K,   0% used [0xe5120000, 0xe5120000, 0xe5180000)
 tenured generation   total 7856K, used 5934K [0xea150000, 0xea8fc000, 0xf4800000)
   the space 7856K,  75% used [0xea150000, 0xea71bb90, 0xea71bc00, 0xea8fc000)
 Metaspace       used 4450K, capacity 4484K, committed 4504K, reserved 5424K
}
Event: 6.550 GC heap before
{Heap before GC invocations=12 (full 1):
 def new generation   total 3584K, used 3561K [0xe4e00000, 0xe51e0000, 0xea150000)
  eden space 3200K,  99% used [0xe4e00000, 0xe511a4c0, 0xe5120000)
  from space 384K,  99% used [0xe5180000, 0xe51dfff8, 0xe51e0000)
  to   space 384K,   0% used [0xe5120000, 0xe5120000, 0xe5180000)
 tenured generation   total 7856K, used 5934K [0xea150000, 0xea8fc000, 0xf4800000)
   the space 7856K,  75% used [0xea150000, 0xea71bb90, 0xea71bc00, 0xea8fc000)
 Metaspace       used 4450K, capacity 4484K, committed 4504K, reserved 5424K
Event: 6.587 GC heap after
Heap after GC invocations=13 (full 1):
 def new generation   total 3584K, used 384K [0xe4e00000, 0xe51e0000, 0xea150000)
  eden space 3200K,   0% used [0xe4e00000, 0xe4e00000, 0xe5120000)
  from space 384K, 100% used [0xe5120000, 0xe5180000, 0xe5180000)
  to   space 384K,   0% used [0xe5180000, 0xe5180000, 0xe51e0000)
 tenured generation   total 7856K, used 7600K [0xea150000, 0xea8fc000, 0xf4800000)
   the space 7856K,  96% used [0xea150000, 0xea8bc1e0, 0xea8bc200, 0xea8fc000)
 Metaspace       used 4450K, capacity 4484K, committed 4504K, reserved 5424K
}
Event: 11.158 GC heap before
{Heap before GC invocations=13 (full 1):
 def new generation   total 3584K, used 3555K [0xe4e00000, 0xe51e0000, 0xea150000)
  eden space 3200K,  99% used [0xe4e00000, 0xe5118c80, 0xe5120000)
  from space 384K, 100% used [0xe5120000, 0xe5180000, 0xe5180000)
  to   space 384K,   0% used [0xe5180000, 0xe5180000, 0xe51e0000)
 tenured generation   total 7856K, used 7600K [0xea150000, 0xea8fc000, 0xf4800000)
   the space 7856K,  96% used [0xea150000, 0xea8bc1e0, 0xea8bc200, 0xea8fc000)
 Metaspace       used 4450K, capacity 4484K, committed 4504K, reserved 5424K
Event: 11.628 GC heap after
Heap after GC invocations=14 (full 2):
 def new generation   total 7104K, used 79K [0xe4e00000, 0xe55b0000, 0xea150000)
  eden space 6336K,   1% used [0xe4e00000, 0xe4e13ef8, 0xe5430000)
  from space 768K,   0% used [0xe5430000, 0xe5430000, 0xe54f0000)
  to   space 768K,   0% used [0xe54f0000, 0xe54f0000, 0xe55b0000)
 tenured generation   total 15656K, used 9391K [0xea150000, 0xeb09a000, 0xf4800000)
   the space 15656K,  59% used [0xea150000, 0xeaa7bfe8, 0xeaa7c000, 0xeb09a000)
 Metaspace       used 4450K, capacity 4484K, committed 4504K, reserved 5424K
}
Event: 43.049 GC heap before
{Heap before GC invocations=14 (full 2):
 def new generation   total 7104K, used 6336K [0xe4e00000, 0xe55b0000, 0xea150000)
  eden space 6336K, 100% used [0xe4e00000, 0xe5430000, 0xe5430000)
  from space 768K,   0% used [0xe5430000, 0xe5430000, 0xe54f0000)
  to   space 768K,   0% used [0xe54f0000, 0xe54f0000, 0xe55b0000)
 tenured generation   total 15656K, used 9391K [0xea150000, 0xeb09a000, 0xf4800000)
   the space 15656K,  59% used [0xea150000, 0xeaa7bfe8, 0xeaa7c000, 0xeb09a000)
 Metaspace       used 4521K, capacity 4548K, committed 4632K, reserved 5424K
Event: 43.250 GC heap after
Heap after GC invocations=15 (full 2):
 def new generation   total 7104K, used 767K [0xe4e00000, 0xe55b0000, 0xea150000)
  eden space 6336K,   0% used [0xe4e00000, 0xe4e00000, 0xe5430000)
  from space 768K,  99% used [0xe54f0000, 0xe55afff8, 0xe55b0000)
  to   space 768K,   0% used [0xe5430000, 0xe5430000, 0xe54f0000)
 tenured generation   total 15656K, used 10645K [0xea150000, 0xeb09a000, 0xf4800000)
   the space 15656K,  67% used [0xea150000, 0xeabb5738, 0xeabb5800, 0xeb09a000)
 Metaspace       used 4521K, capacity 4548K, committed 4632K, reserved 5424K
}

