# JRE version: Java(TM) SE Runtime Environment (8.0_25-b17) (build 1.8.0_25-b17)
# Java VM: Java HotSpot(TM) Client VM (25.25-b02 mixed mode linux-x86 )
Heap:
 def new generation   total 3584K, used 184K [0xe4e00000, 0xe51e0000, 0xea150000)
  eden space 3200K,   5% used [0xe4e00000, 0xe4e2e320, 0xe5120000)
  from space 384K,   0% used [0xe5180000, 0xe5180000, 0xe51e0000)
  to   space 384K,   0% used [0xe5120000, 0xe5120000, 0xe5180000)
 tenured generation   total 9396K, used 9395K [0xea150000, 0xeaa7d000, 0xf4800000)
   the space 9396K,  99% used [0xea150000, 0xeaa7cfe8, 0xeaa7d000, 0xeaa7d000)
 Metaspace       used 4451K, capacity 4484K, committed 4504K, reserved 5424K
GC Heap History (10 events):
Event: 1.124 GC heap after
Heap after GC invocations=9 (full 0):
 def new generation   total 2432K, used 256K [0xe4e00000, 0xe50a0000, 0xea150000)
  eden space 2176K,   0% used [0xe4e00000, 0xe4e00000, 0xe5020000)
  from space 256K, 100% used [0xe5060000, 0xe50a0000, 0xe50a0000)
  to   space 256K,   0% used [0xe5020000, 0xe5020000, 0xe5060000)
 tenured generation   total 5504K, used 2580K [0xea150000, 0xea6b0000, 0xf4800000)
   the space 5504K,  46% used [0xea150000, 0xea3d5398, 0xea3d5400, 0xea6b0000)
 Metaspace       used 4449K, capacity 4484K, committed 4504K, reserved 5424K
}
Event: 1.133 GC heap before
{Heap before GC invocations=9 (full 0):
 def new generation   total 2432K, used 2432K [0xe4e00000, 0xe50a0000, 0xea150000)
  eden space 2176K, 100% used [0xe4e00000, 0xe5020000, 0xe5020000)
  from space 256K, 100% used [0xe5060000, 0xe50a0000, 0xe50a0000)
  to   space 256K,   0% used [0xe5020000, 0xe5020000, 0xe5060000)
 tenured generation   total 5504K, used 2580K [0xea150000, 0xea6b0000, 0xf4800000)
   the space 5504K,  46% used [0xea150000, 0xea3d5398, 0xea3d5400, 0xea6b0000)
 Metaspace       used 4449K, capacity 4484K, committed 4504K, reserved 5424K
Event: 1.136 GC heap after
Heap after GC invocations=10 (full 0):
 def new generation   total 2432K, used 256K [0xe4e00000, 0xe50a0000, 0xea150000)
  eden space 2176K,   0% used [0xe4e00000, 0xe4e00000, 0xe5020000)
  from space 256K, 100% used [0xe5020000, 0xe5060000, 0xe5060000)
  to   space 256K,   0% used [0xe5060000, 0xe5060000, 0xe50a0000)
 tenured generation   total 5504K, used 4695K [0xea150000, 0xea6b0000, 0xf4800000)
   the space 5504K,  85% used [0xea150000, 0xea5e5cc8, 0xea5e5e00, 0xea6b0000)
 Metaspace       used 4449K, capacity 4484K, committed 4504K, reserved 5424K
}
Event: 1.176 GC heap before
{Heap before GC invocations=10 (full 0):
 def new generation   total 2432K, used 2432K [0xe4e00000, 0xe50a0000, 0xea150000)
  eden space 2176K, 100% used [0xe4e00000, 0xe5020000, 0xe5020000)
  from space 256K, 100% used [0xe5020000, 0xe5060000, 0xe5060000)
  to   space 256K,   0% used [0xe5060000, 0xe5060000, 0xe50a0000)
 tenured generation   total 5504K, used 4695K [0xea150000, 0xea6b0000, 0xf4800000)
   the space 5504K,  85% used [0xea150000, 0xea5e5cc8, 0xea5e5e00, 0xea6b0000)
 Metaspace       used 4450K, capacity 4484K, committed 4504K, reserved 5424K
Event: 1.201 GC heap after
Heap after GC invocations=11 (full 1):
 def new generation   total 3584K, used 0K [0xe4e00000, 0xe51e0000, 0xea150000)
  eden space 3200K,   0% used [0xe4e00000, 0xe4e00000, 0xe5120000)
  from space 384K,   0% used [0xe5120000, 0xe5120000, 0xe5180000)
  to   space 384K,   0% used [0xe5180000, 0xe5180000, 0xe51e0000)
 tenured generation   total 7860K, used 4714K [0xea150000, 0xea8fd000, 0xf4800000)
   the space 7860K,  59% used [0xea150000, 0xea5eaa68, 0xea5eac00, 0xea8fd000)
 Metaspace       used 4450K, capacity 4484K, committed 4504K, reserved 5424K
}
Event: 1.287 GC heap before
{Heap before GC invocations=11 (full 1):
 def new generation   total 3584K, used 3200K [0xe4e00000, 0xe51e0000, 0xea150000)
  eden space 3200K, 100% used [0xe4e00000, 0xe5120000, 0xe5120000)
  from space 384K,   0% used [0xe5120000, 0xe5120000, 0xe5180000)
  to   space 384K,   0% used [0xe5180000, 0xe5180000, 0xe51e0000)
 tenured generation   total 7860K, used 4714K [0xea150000, 0xea8fd000, 0xf4800000)
   the space 7860K,  59% used [0xea150000, 0xea5eaa68, 0xea5eac00, 0xea8fd000)
 Metaspace       used 4451K, capacity 4484K, committed 4504K, reserved 5424K
Event: 1.291 GC heap after
Heap after GC invocations=12 (full 1):
 def new generation   total 3584K, used 383K [0xe4e00000, 0xe51e0000, 0xea150000)
  eden space 3200K,   0% used [0xe4e00000, 0xe4e00000, 0xe5120000)
  from space 384K,  99% used [0xe5180000, 0xe51dfff8, 0xe51e0000)
  to   space 384K,   0% used [0xe5120000, 0xe5120000, 0xe5180000)
 tenured generation   total 7860K, used 5936K [0xea150000, 0xea8fd000, 0xf4800000)
   the space 7860K,  75% used [0xea150000, 0xea71c1c0, 0xea71c200, 0xea8fd000)
 Metaspace       used 4451K, capacity 4484K, committed 4504K, reserved 5424K
}
Event: 1.347 GC heap before
{Heap before GC invocations=12 (full 1):
 def new generation   total 3584K, used 3561K [0xe4e00000, 0xe51e0000, 0xea150000)
  eden space 3200K,  99% used [0xe4e00000, 0xe511a4c0, 0xe5120000)
  from space 384K,  99% used [0xe5180000, 0xe51dfff8, 0xe51e0000)
  to   space 384K,   0% used [0xe5120000, 0xe5120000, 0xe5180000)
 tenured generation   total 7860K, used 5936K [0xea150000, 0xea8fd000, 0xf4800000)
   the space 7860K,  75% used [0xea150000, 0xea71c1c0, 0xea71c200, 0xea8fd000)
 Metaspace       used 4451K, capacity 4484K, committed 4504K, reserved 5424K
Event: 1.350 GC heap after
Heap after GC invocations=13 (full 1):
 def new generation   total 3584K, used 384K [0xe4e00000, 0xe51e0000, 0xea150000)
  eden space 3200K,   0% used [0xe4e00000, 0xe4e00000, 0xe5120000)
  from space 384K, 100% used [0xe5120000, 0xe5180000, 0xe5180000)
  to   space 384K,   0% used [0xe5180000, 0xe5180000, 0xe51e0000)
 tenured generation   total 7860K, used 7602K [0xea150000, 0xea8fd000, 0xf4800000)
   the space 7860K,  96% used [0xea150000, 0xea8bc810, 0xea8bca00, 0xea8fd000)
 Metaspace       used 4451K, capacity 4484K, committed 4504K, reserved 5424K
}
Event: 1.381 GC heap before
{Heap before GC invocations=13 (full 1):
 def new generation   total 3584K, used 3555K [0xe4e00000, 0xe51e0000, 0xea150000)
  eden space 3200K,  99% used [0xe4e00000, 0xe5118c80, 0xe5120000)
  from space 384K, 100% used [0xe5120000, 0xe5180000, 0xe5180000)
  to   space 384K,   0% used [0xe5180000, 0xe5180000, 0xe51e0000)
 tenured generation   total 7860K, used 7602K [0xea150000, 0xea8fd000, 0xf4800000)
   the space 7860K,  96% used [0xea150000, 0xea8bc810, 0xea8bca00, 0xea8fd000)
 Metaspace       used 4451K, capacity 4484K, committed 4504K, reserved 5424K

