# JRE version: Java(TM) SE Runtime Environment (8.0_25-b17) (build 1.8.0_25-b17)
# Java VM: Java HotSpot(TM) Client VM (25.25-b02 mixed mode linux-x86 )
Heap:
 def new generation   total 3584K, used 211K [0xe4e00000, 0xe51e0000, 0xea150000)
  eden space 3200K,   6% used [0xe4e00000, 0xe4e34f00, 0xe5120000)
  from space 384K,   0% used [0xe5180000, 0xe5180000, 0xe51e0000)
  to   space 384K,   0% used [0xe5120000, 0xe5120000, 0xe5180000)
 tenured generation   total 9368K, used 9367K [0xea150000, 0xeaa76000, 0xf4800000)
   the space 9368K,  99% used [0xea150000, 0xeaa75fe8, 0xeaa76000, 0xeaa76000)
 Metaspace       used 4451K, capacity 4484K, committed 4504K, reserved 5424K
GC Heap History (10 events):
Event: 1.243 GC heap after
Heap after GC invocations=9 (full 0):
 def new generation   total 2432K, used 256K [0xe4e00000, 0xe50a0000, 0xea150000)
  eden space 2176K,   0% used [0xe4e00000, 0xe4e00000, 0xe5020000)
  from space 256K, 100% used [0xe5060000, 0xe50a0000, 0xe50a0000)
  to   space 256K,   0% used [0xe5020000, 0xe5020000, 0xe5060000)
 tenured generation   total 5504K, used 2585K [0xea150000, 0xea6b0000, 0xf4800000)
   the space 5504K,  46% used [0xea150000, 0xea3d66a8, 0xea3d6800, 0xea6b0000)
 Metaspace       used 4448K, capacity 4484K, committed 4504K, reserved 5424K
}
Event: 1.252 GC heap before
{Heap before GC invocations=9 (full 0):
 def new generation   total 2432K, used 2432K [0xe4e00000, 0xe50a0000, 0xea150000)
  eden space 2176K, 100% used [0xe4e00000, 0xe5020000, 0xe5020000)
  from space 256K, 100% used [0xe5060000, 0xe50a0000, 0xe50a0000)
  to   space 256K,   0% used [0xe5020000, 0xe5020000, 0xe5060000)
 tenured generation   total 5504K, used 2585K [0xea150000, 0xea6b0000, 0xf4800000)
   the space 5504K,  46% used [0xea150000, 0xea3d66a8, 0xea3d6800, 0xea6b0000)
 Metaspace       used 4448K, capacity 4484K, committed 4504K, reserved 5424K
Event: 1.254 GC heap after
Heap after GC invocations=10 (full 0):
 def new generation   total 2432K, used 256K [0xe4e00000, 0xe50a0000, 0xea150000)
  eden space 2176K,   0% used [0xe4e00000, 0xe4e00000, 0xe5020000)
  from space 256K, 100% used [0xe5020000, 0xe5060000, 0xe5060000)
  to   space 256K,   0% used [0xe5060000, 0xe5060000, 0xe50a0000)
 tenured generation   total 5504K, used 4699K [0xea150000, 0xea6b0000, 0xf4800000)
   the space 5504K,  85% used [0xea150000, 0xea5e6ee8, 0xea5e7000, 0xea6b0000)
 Metaspace       used 4448K, capacity 4484K, committed 4504K, reserved 5424K
}
Event: 1.343 GC heap before
{Heap before GC invocations=10 (full 0):
 def new generation   total 2432K, used 2432K [0xe4e00000, 0xe50a0000, 0xea150000)
  eden space 2176K, 100% used [0xe4e00000, 0xe5020000, 0xe5020000)
  from space 256K, 100% used [0xe5020000, 0xe5060000, 0xe5060000)
  to   space 256K,   0% used [0xe5060000, 0xe5060000, 0xe50a0000)
 tenured generation   total 5504K, used 4699K [0xea150000, 0xea6b0000, 0xf4800000)
   the space 5504K,  85% used [0xea150000, 0xea5e6ee8, 0xea5e7000, 0xea6b0000)
 Metaspace       used 4450K, capacity 4484K, committed 4504K, reserved 5424K
Event: 1.387 GC heap after
Heap after GC invocations=11 (full 1):
 def new generation   total 3584K, used 0K [0xe4e00000, 0xe51e0000, 0xea150000)
  eden space 3200K,   0% used [0xe4e00000, 0xe4e00000, 0xe5120000)
  from space 384K,   0% used [0xe5120000, 0xe5120000, 0xe5180000)
  to   space 384K,   0% used [0xe5180000, 0xe5180000, 0xe51e0000)
 tenured generation   total 7832K, used 4698K [0xea150000, 0xea8f6000, 0xf4800000)
   the space 7832K,  59% used [0xea150000, 0xea5e6bb0, 0xea5e6c00, 0xea8f6000)
 Metaspace       used 4450K, capacity 4484K, committed 4504K, reserved 5424K
}
Event: 1.696 GC heap before
{Heap before GC invocations=11 (full 1):
 def new generation   total 3584K, used 3200K [0xe4e00000, 0xe51e0000, 0xea150000)
  eden space 3200K, 100% used [0xe4e00000, 0xe5120000, 0xe5120000)
  from space 384K,   0% used [0xe5120000, 0xe5120000, 0xe5180000)
  to   space 384K,   0% used [0xe5180000, 0xe5180000, 0xe51e0000)
 tenured generation   total 7832K, used 4698K [0xea150000, 0xea8f6000, 0xf4800000)
   the space 7832K,  59% used [0xea150000, 0xea5e6bb0, 0xea5e6c00, 0xea8f6000)
 Metaspace       used 4450K, capacity 4484K, committed 4504K, reserved 5424K
Event: 1.721 GC heap after
Heap after GC invocations=12 (full 1):
 def new generation   total 3584K, used 383K [0xe4e00000, 0xe51e0000, 0xea150000)
  eden space 3200K,   0% used [0xe4e00000, 0xe4e00000, 0xe5120000)
  from space 384K,  99% used [0xe5180000, 0xe51dfff8, 0xe51e0000)
  to   space 384K,   0% used [0xe5120000, 0xe5120000, 0xe5180000)
 tenured generation   total 7832K, used 5925K [0xea150000, 0xea8f6000, 0xf4800000)
   the space 7832K,  75% used [0xea150000, 0xea719490, 0xea719600, 0xea8f6000)
 Metaspace       used 4450K, capacity 4484K, committed 4504K, reserved 5424K
}
Event: 1.942 GC heap before
{Heap before GC invocations=12 (full 1):
 def new generation   total 3584K, used 3583K [0xe4e00000, 0xe51e0000, 0xea150000)
  eden space 3200K, 100% used [0xe4e00000, 0xe5120000, 0xe5120000)
  from space 384K,  99% used [0xe5180000, 0xe51dfff8, 0xe51e0000)
  to   space 384K,   0% used [0xe5120000, 0xe5120000, 0xe5180000)
 tenured generation   total 7832K, used 5925K [0xea150000, 0xea8f6000, 0xf4800000)
   the space 7832K,  75% used [0xea150000, 0xea719490, 0xea719600, 0xea8f6000)
 Metaspace       used 4451K, capacity 4484K, committed 4504K, reserved 5424K
Event: 1.965 GC heap after
Heap after GC invocations=13 (full 1):
 def new generation   total 3584K, used 384K [0xe4e00000, 0xe51e0000, 0xea150000)
  eden space 3200K,   0% used [0xe4e00000, 0xe4e00000, 0xe5120000)
  from space 384K, 100% used [0xe5120000, 0xe5180000, 0xe5180000)
  to   space 384K,   0% used [0xe5180000, 0xe5180000, 0xe51e0000)
 tenured generation   total 7832K, used 7590K [0xea150000, 0xea8f6000, 0xf4800000)
   the space 7832K,  96% used [0xea150000, 0xea8b98d8, 0xea8b9a00, 0xea8f6000)
 Metaspace       used 4451K, capacity 4484K, committed 4504K, reserved 5424K
}
Event: 2.055 GC heap before
{Heap before GC invocations=13 (full 1):
 def new generation   total 3584K, used 3572K [0xe4e00000, 0xe51e0000, 0xea150000)
  eden space 3200K,  99% used [0xe4e00000, 0xe511d370, 0xe5120000)
  from space 384K, 100% used [0xe5120000, 0xe5180000, 0xe5180000)
  to   space 384K,   0% used [0xe5180000, 0xe5180000, 0xe51e0000)
 tenured generation   total 7832K, used 7590K [0xea150000, 0xea8f6000, 0xf4800000)
   the space 7832K,  96% used [0xea150000, 0xea8b98d8, 0xea8b9a00, 0xea8f6000)
 Metaspace       used 4451K, capacity 4484K, committed 4504K, reserved 5424K

